parameter file: qcd.pca.par
### THE INPUT PARAMETERS
##PARAMETER NAME: VALUE
genotypename: qcd.geno
snpname: qcd.snp
indivname: qcd.ind
evecoutname: qcd.pca.evec
evaloutname: qcd.eval
altnormstyle: NO
numoutevec: 3
numoutlieriter: 5
numoutlierevec: 3
outliersigmathresh: 6.0
qtmode: 0
## smartpca version: 13050
norm used

number of samples used: 89 number of snps used: 58737
Using 23 threads, and partial sum lookup algorithm.
total number of snps killed in pass: 0  used: 58737

## Tracy-Widom statistics: rows: 89  cols: 58737
  #N    eigenvalue  difference    twstat      p-value effect. n
   1      1.619143          NA    85.190 1.02946e-229 10979.169
   2      1.119823   -0.499320     0.225     0.130778 22879.742
   3      1.111767   -0.008056    -0.999     0.416009 23441.566
   4      1.105458   -0.006309    -1.811     0.670481 23946.394
   5      1.098804   -0.006654    -2.803     0.903275 24416.101
   6      1.091175   -0.007629    -4.182     0.995472 24836.252
   7      1.086589   -0.004586    -4.717     0.999198 25179.561
   8      1.084002   -0.002587    -4.665     0.999037 25496.036
   9      1.083246   -0.000756    -4.036     0.993141 25821.772
  10      1.078816   -0.004430    -4.535     0.998499 26196.544
  11      1.077415   -0.001401    -4.105     0.994344 26544.362
  12      1.075218   -0.002197    -3.905     0.990242 26930.428
  13      1.074101   -0.001117    -3.344     0.963908 27340.326
  14      1.069554   -0.004547    -3.870      0.98931 27804.831
  15      1.066868   -0.002686    -3.827      0.98806 28237.764
  16      1.063453   -0.003415    -4.028     0.992983 28684.723
  17      1.060766   -0.002687    -4.005     0.992543 29124.682
  18      1.057037   -0.003728    -4.338      0.99717 29576.888
  19      1.053856   -0.003181    -4.515     0.998394 30008.282
  20      1.050320   -0.003537    -4.831      0.99947 30431.809
  21      1.050271   -0.000048    -3.973     0.991855 30832.498
  22      1.047404   -0.002868    -4.031     0.993053 31329.782
  23      1.042642   -0.004762    -4.762     0.999318 31832.657
  24      1.040767   -0.001875    -4.538     0.998515 32265.214
  25      1.036899   -0.003868    -5.008      0.99973 32731.508
  26      1.033158   -0.003740    -5.472     0.999963 33151.114
  27      1.031820   -0.001338    -5.113     0.999823 33521.101
  28      1.027796   -0.004025    -5.698     0.999987 33939.769
  29      1.026340   -0.001456    -5.401     0.999948 34288.771
  30      1.024719   -0.001621    -5.144     0.999845 34679.365
  31      1.023870   -0.000849    -4.589      0.99875 35109.488
  32      1.021336   -0.002534    -4.613     0.998845 35627.114
  33      1.017613   -0.003723    -5.082     0.999799 36150.838
  34      1.016498   -0.001115    -4.624     0.998888 36608.624
  35      1.013559   -0.002939    -4.813     0.999434 37148.448
  36      1.010263   -0.003296    -5.157     0.999853 37664.379
  37      1.008264   -0.001998    -5.044     0.999766 38125.563
  38      1.005369   -0.002896    -5.265     0.999906 38611.846
  39      1.004089   -0.001280    -4.891     0.999576 39059.727
  40      1.001390   -0.002699    -5.032     0.999755 39585.450
  41      0.999636   -0.001753    -4.825     0.999458 40086.353
  42      0.997679   -0.001957    -4.682     0.999091 40636.861
  43      0.994894   -0.002785    -4.851     0.999509 41226.611
  44      0.992577   -0.002317    -4.857      0.99952 41781.120
  45      0.991155   -0.001422    -4.515     0.998397 42337.646
  46      0.988170   -0.002985    -4.762     0.999319 42990.410
  47      0.987514   -0.000655    -4.110     0.994434 43579.714
  48      0.984207   -0.003307    -4.457      0.99806 44371.361
  49      0.980603   -0.003604    -4.965     0.999682 45064.632
  50      0.979379   -0.001225    -4.566     0.998646 45594.086
  51      0.978009   -0.001369    -4.187     0.995535 46257.255
  52      0.976385   -0.001625    -3.874     0.989427 47065.322
  53      0.972092   -0.004293    -4.629     0.998907 48012.205
  54      0.969823   -0.002268    -4.637     0.998937 48651.963
  55      0.968523   -0.001301    -4.247      0.99626 49280.617
  56      0.965741   -0.002782    -4.432     0.997899 50083.529
  57      0.964903   -0.000838    -3.830     0.988152 50791.131
  58      0.961521   -0.003383    -4.227     0.996035 51818.751
  59      0.958870   -0.002651    -4.371     0.997443 52622.425
  60      0.957174   -0.001696    -4.130     0.994732 53325.874
  61      0.955917   -0.001257    -3.673     0.982587 54163.994
  62      0.952856   -0.003061    -3.930     0.990865 55317.207
  63      0.950409   -0.002446    -3.964     0.991652 56271.942
  64      0.948155   -0.002255    -3.923     0.990703 57177.804
  65      0.947620   -0.000534    -3.132     0.945238 58087.933
  66      0.945601   -0.002019    -2.862     0.912057 59766.862
  67      0.942597   -0.003004    -2.986     0.928613 61803.430
  68      0.941483   -0.001114    -2.295      0.80283 63747.170
  69      0.937780   -0.003703    -2.640     0.875885 66792.094
  70      0.935444   -0.002336    -2.449     0.837835 69427.788
  71      0.934272   -0.001172    -1.675     0.628931 72549.099
  72      0.933153   -0.001119    -0.667     0.319967 77707.897
  73      0.926645   -0.006508    -2.035     0.735474 86761.815
  74      0.923512   -0.003133    -2.190     0.776775 92109.154
  75      0.921849   -0.001663    -1.636     0.616752 97273.159
  76      0.920020   -0.001829    -0.990     0.413099 105549.121
  77      0.915201   -0.004819    -1.790     0.664059 119479.960
  78      0.914168   -0.001033    -0.776     0.350368 129252.649
  79      0.908794   -0.005373    -1.961     0.714745 152122.261
  80      0.906230   -0.002565        NA           NA        NA
  81      0.904815   -0.001414        NA           NA        NA
  82      0.902645   -0.002170        NA           NA        NA
  83      0.898738   -0.003908        NA           NA        NA
  84      0.896631   -0.002107        NA           NA        NA
  85      0.892975   -0.003656        NA           NA        NA
  86      0.890249   -0.002726        NA           NA        NA
  87      0.888171   -0.002078        NA           NA        NA
  88      0.883738   -0.004433        NA           NA        NA
    kurtosis           snps    indivs
 eigenvector    1     2.939     1.121
 eigenvector    2     2.988     2.610
 eigenvector    3     2.984     4.116
population:   0              Control   45
population:   1                 Case   44

## Average divergence between populations:
              Control       Case     popsize
   Control      0.999      1.003          45
      Case      1.003      1.001          44


number of blocks for moving block jackknife: 22
fst *1000:
          C     C 
   C      0     2
   C      2     0

s.dev * 1000000:
          C     C 
   C      0   121
   C    121     0

eigenvector 1:means
                Case     -0.055
             Control      0.054
## Anova statistics for population differences along each eigenvector:
                                              p-value
             eigenvector_1_Control_Case_   3.21988e-07 +++
eigenvector 2:means
                Case     -0.006
             Control      0.006
             eigenvector_2_Control_Case_      0.596207 
eigenvector 3:means
             Control     -0.007
                Case      0.007
             eigenvector_3_Control_Case_      0.533673 

## Statistical significance of differences beween populations:
                                pop1                  pop2      chisq          p-value   |pop1|   |pop2|
popdifference:               Control                  Case        27.551   4.51213e-06      45      44

eigbestsnp    1            rs2585179  8        45338     4.608
eigbestsnp    1           rs10768140 11        55419     4.186
eigbestsnp    1             rs372440  6        35226     3.940
eigbestsnp    1            rs4468542 15        68435     3.924
eigbestsnp    1            rs2174875  8        41122     3.922
eigbestsnp    1            rs9395476  6        31514     3.829
eigbestsnp    1             rs512497  6        31515     3.829
eigbestsnp    1             rs520599  6        31516     3.829
eigbestsnp    1            rs1499923  2        11253     3.751
eigbestsnp    1           rs11100717  4        23663     3.734
eigbestsnp    2            rs1882489 12        61404     4.178
eigbestsnp    2           rs12046747  1         5420     3.977
eigbestsnp    2            rs1542479  9        48224     3.835
eigbestsnp    2            rs7284666 22        82068     3.797
eigbestsnp    2            rs2079830  7        38969     3.780
eigbestsnp    2            rs6532070  4        22375     3.761
eigbestsnp    2            rs6999317  8        43975     3.707
eigbestsnp    2            rs2372052  7        38965     3.702
eigbestsnp    2           rs12235009  8        40211     3.699
eigbestsnp    2            rs4415084  5        26136     3.685
eigbestsnp    3           rs12454109 18        76732     4.288
eigbestsnp    3             rs996919 18        76730     4.116
eigbestsnp    3            rs1571622 13        64734     3.902
eigbestsnp    3            rs6942109  6        35288     3.775
eigbestsnp    3            rs7717808  5        26394     3.746
eigbestsnp    3            rs7035682  9        49548     3.740
eigbestsnp    3            rs1033109  5        26179     3.711
eigbestsnp    3            rs1178164  7        36009     3.687
eigbestsnp    3            rs4767130 12        61181     3.685
eigbestsnp    3            rs6536784  4        24220     3.655
##end of smartpca run

Correlation between eigenvector 1 (of 3) and Case/Control status is -0.510
Correlation between eigenvector 2 (of 3) and Case/Control status is -0.057
Correlation between eigenvector 3 (of 3) and Case/Control status is 0.067
